


ARM Macro Assembler    Page 1 


    1 00000000 400FE608 
                       SYSCRTL_RCGCGPIO_R
                               EQU              0x400FE608  ;+offset 0x608
    2 00000000 40025400 
                       GPIO_PORTF_DIR_R
                               EQU              0x40025400  ;+offset 0x400
    3 00000000 4002551C 
                       GPIO_PROTF_DEN_R
                               EQU              0x4002551C  ;+offset 0x51c
    4 00000000 400253FC 
                       GPIO_PORTF_DATA_R
                               EQU              0x400253FC  ;+offset 0x3fc     
                                                            RED_LED BLUE_LED GR
                                                            EEN_LED    PF1-PF2-
                                                            PF3
    5 00000000         
    6 00000000 40025510 
                       GPIO_PORTF_PUR_R
                               EQU              0x40025510  ;+offset 0x510
    7 00000000         
    8 00000000 40025520 
                       GPIO_LOCK_R
                               EQU              0x40025520  ;+offset 0x3fc
    9 00000000 4C4F434B 
                       GPIO_LOCK_KEY
                               EQU              0x4C4F434B  ;
   10 00000000 40025524 
                       GPIO_OCR_R
                               EQU              0x40025524
   11 00000000         
   12 00000000 40025004 
                       GPIO_PORTF_SW2_DATA_R
                               EQU              0x40025004  ;SW2      PF0  
   13 00000000 40025040 
                       GPIO_PORTF_SW1_DATA_R
                               EQU              0x40025040  ;SW1   PF4 
   14 00000000         
   15 00000000                 AREA             |.text|, CODE, READONLY, ALIGN=
2
   16 00000000                 THUMB
   17 00000000                 EXPORT           GPIOF_Init
   18 00000000                 EXPORT           RED_LED_ON
   19 00000000                 EXPORT           CHECK_SW2
   20 00000000         ;new export sw1
   21 00000000                 EXPORT           CHECK_SW1
   22 00000000         ;new export BLUE_LED
   23 00000000                 EXPORT           BLUE_LED_ON
   24 00000000         ;new export GREEN_LED
   25 00000000                 EXPORT           GREEN_LED_ON
   26 00000000         ;new export LEDs OFF
   27 00000000                 EXPORT           LEDs_OFF
   28 00000000         
   29 00000000         GPIOF_Init
   30 00000000 B500            PUSH             {LR}        ; save current valu
                                                            e of LR
   31 00000002         ;Enable Clock Port F(0-4)- by default the clock is disab
                       led on the GPIO for energy saving
   32 00000002 491C            LDR              R1,=SYSCRTL_RCGCGPIO_R
   33 00000004 6808            LDR              R0,[R1]



ARM Macro Assembler    Page 2 


   34 00000006 F040 0020       ORR              R0,R0,#0x20 ;Bitwise OR, to not
                                                             overide the existi
                                                            ng values
   35 0000000A 6008            STR              R0,[R1]
   36 0000000C         
   37 0000000C         
   38 0000000C         ;Unlock and enable SW#
   39 0000000C         ;IMPORTANT- READ "10.4 Register Map" (page 658) followd 
                       by (GPIOLOCK) page 668 to unlock (GPIOCR) 
   40 0000000C 491A            LDR              R1,=GPIO_LOCK_R 
                                                            ;(GPIOLOCK) address
                                                            
   41 0000000E 481B            LDR              R0,=GPIO_LOCK_KEY ;from datashe
                                                            et 0x4C4F434B
   42 00000010 6008            STR              R0,[R1]
   43 00000012         
   44 00000012         ;READ (GPIOCR) (page 685) - Enables to configure (GPIOAF
                       SEL, GPIOPUR, GPIOPDR, and GPIODEN) at coresponding pins
                       
   45 00000012 491B            LDR              R1,=GPIO_OCR_R
   46 00000014 F04F 001F       MOV              R0,#0x1F    ;01 for PF0,1,4
   47 00000018 6008            STR              R0,[R1]
   48 0000001A         
   49 0000001A         
   50 0000001A         
   51 0000001A         ;Set input/output - PF1,2,3(output,ledR),PF0,4(input,swi
                       tch)
   52 0000001A 491A            LDR              R1,=GPIO_PORTF_DIR_R
   53 0000001C F04F 000E       MOV              R0,#0x0E    ;02 for PF0,1,4
   54 00000020 6008            STR              R0,[R1]
   55 00000022         
   56 00000022         ;Set the PORTF to operate as (digital)/not digital PF0,1
                       ,2,3,4(sw2,led_r,led_b,led_g,sw1)
   57 00000022 4919            LDR              R1,=GPIO_PROTF_DEN_R
   58 00000024 F04F 001F       MOV              R0,#0x1F    ;13 for PF0,1,4
   59 00000028 6008            STR              R0,[R1]
   60 0000002A         
   61 0000002A         ;Set pullup on sw2 ----- NEW for sw1 -------------------
                       --------------------------------
   62 0000002A 4918            LDR              R1,=GPIO_PORTF_PUR_R
   63 0000002C F04F 0011       MOV              R0,#0x11    ;10 for PF0,1,4
   64 00000030 6008            STR              R0,[R1]
   65 00000032         
   66 00000032 BD00            POP              {PC}        ; restore previous 
                                                            value of LR into PC
                                                             (return)
   67 00000034         
   68 00000034         ;-----------------------------------RED_LED-------------
                       ----------------------------------------
   69 00000034         RED_LED_ON
   70 00000034 B500            PUSH             {LR}        ; save current valu
                                                            e of LR
   71 00000036 4916            LDR              R1,=GPIO_PORTF_DATA_R
   72 00000038 F04F 0002       MOV              R0,#0x02
   73 0000003C 6008            STR              R0,[R1]
   74 0000003E         ;B loop
   75 0000003E BD00            POP              {PC}        ; restore previous 
                                                            value of LR into PC
                                                             (return)



ARM Macro Assembler    Page 3 


   76 00000040         
   77 00000040         ;-----------------------------------BLUE_LED------------
                       ----------------------------------------
   78 00000040         BLUE_LED_ON
   79 00000040 B500            PUSH             {LR}        ; save current valu
                                                            e of LR
   80 00000042 4913            LDR              R1,=GPIO_PORTF_DATA_R
   81 00000044 F04F 0004       MOV              R0,#0x04
   82 00000048 6008            STR              R0,[R1]
   83 0000004A         ;B loop
   84 0000004A BD00            POP              {PC}        ; restore previous 
                                                            value of LR into PC
                                                             (return)
   85 0000004C         
   86 0000004C         ;-----------------------------------GREEEN_LED----------
                       ----------------------------------------
   87 0000004C         GREEN_LED_ON
   88 0000004C B500            PUSH             {LR}        ; save current valu
                                                            e of LR
   89 0000004E 4910            LDR              R1,=GPIO_PORTF_DATA_R
   90 00000050 F04F 0008       MOV              R0,#0x08
   91 00000054 6008            STR              R0,[R1]
   92 00000056         ;B loop
   93 00000056 BD00            POP              {PC}        ; restore previous 
                                                            value of LR into PC
                                                             (return)
   94 00000058         ;-----------------------------------LEDs OFF------------
                       ----------------------------------------
   95 00000058         
   96 00000058         LEDs_OFF
   97 00000058 B500            PUSH             {LR}        ; save current valu
                                                            e of LR
   98 0000005A 490D            LDR              R1,=GPIO_PORTF_DATA_R
   99 0000005C F04F 0000       MOV              R0,#0x00
  100 00000060 6008            STR              R0,[R1]
  101 00000062         ;B loop
  102 00000062 BD00            POP              {PC}        ; restore previous 
                                                            value of LR into PC
                                                             (return)
  103 00000064         ;----------------------------------------SW2------------
                       ---------------------------------------
  104 00000064         CHECK_SW2
  105 00000064 B500            PUSH             {LR}        ; save current valu
                                                            e of LR
  106 00000066 490B            LDR              R1,=GPIO_PORTF_SW2_DATA_R ;Get 
                                                            SW data address
  107 00000068 680D            LDR              R5,[R1]     ;Get SW data 
  108 0000006A BD00            POP              {PC}        ; restore previous 
                                                            value of LR into PC
                                                             (return) 
  109 0000006C         ;----------------------------------------SW1------------
                       ---------------------------------------
  110 0000006C         CHECK_SW1
  111 0000006C B500            PUSH             {LR}        ; save current valu
                                                            e of LR
  112 0000006E 490A            LDR              R1,=GPIO_PORTF_SW1_DATA_R ;Get 
                                                            SW data address
  113 00000070 680E            LDR              R6,[R1]     ;Get SW data 
  114 00000072 BD00            POP              {PC}        ; restore previous 



ARM Macro Assembler    Page 4 


                                                            value of LR into PC
                                                             (return) 
  115 00000074         
  116 00000074                 ALIGN                        ; make sure the end
                                                             of this section is
                                                             aligned
  117 00000074                 END                          ; end of file
              400FE608 
              40025520 
              4C4F434B 
              40025524 
              40025400 
              4002551C 
              40025510 
              400253FC 
              40025004 
              40025040 
Command Line: --debug --xref --diag_suppress=9931 --cpu=Cortex-M4 --apcs=interw
ork --depend=.\objects\portfconfiguration.d -o.\objects\portfconfiguration.o -I
.\RTE\_Target_1 -IC:\Games\ARM\PACK\ARM\CMSIS\5.0.1\CMSIS\Include -IC:\Games\AR
M\PACK\ARM\CMSIS\5.0.1\Device\ARM\ARMCM4\Include --predefine="__EVAL SETA 1" --
predefine="__UVISION_VERSION SETA 523" --predefine="_RTE_ SETA 1" --predefine="
ARMCM4 SETA 1" --list=.\listings\portfconfiguration.lst portFConfiguration.s



ARM Macro Assembler    Page 1 Alphabetic symbol ordering
Relocatable symbols

.text 00000000

Symbol: .text
   Definitions
      At line 15 in file portFConfiguration.s
   Uses
      None
Comment: .text unused
BLUE_LED_ON 00000040

Symbol: BLUE_LED_ON
   Definitions
      At line 78 in file portFConfiguration.s
   Uses
      At line 23 in file portFConfiguration.s
Comment: BLUE_LED_ON used once
CHECK_SW1 0000006C

Symbol: CHECK_SW1
   Definitions
      At line 110 in file portFConfiguration.s
   Uses
      At line 21 in file portFConfiguration.s
Comment: CHECK_SW1 used once
CHECK_SW2 00000064

Symbol: CHECK_SW2
   Definitions
      At line 104 in file portFConfiguration.s
   Uses
      At line 19 in file portFConfiguration.s
Comment: CHECK_SW2 used once
GPIOF_Init 00000000

Symbol: GPIOF_Init
   Definitions
      At line 29 in file portFConfiguration.s
   Uses
      At line 17 in file portFConfiguration.s
Comment: GPIOF_Init used once
GREEN_LED_ON 0000004C

Symbol: GREEN_LED_ON
   Definitions
      At line 87 in file portFConfiguration.s
   Uses
      At line 25 in file portFConfiguration.s
Comment: GREEN_LED_ON used once
LEDs_OFF 00000058

Symbol: LEDs_OFF
   Definitions
      At line 96 in file portFConfiguration.s
   Uses
      At line 27 in file portFConfiguration.s
Comment: LEDs_OFF used once
RED_LED_ON 00000034

Symbol: RED_LED_ON



ARM Macro Assembler    Page 2 Alphabetic symbol ordering
Relocatable symbols

   Definitions
      At line 69 in file portFConfiguration.s
   Uses
      At line 18 in file portFConfiguration.s
Comment: RED_LED_ON used once
8 symbols



ARM Macro Assembler    Page 1 Alphabetic symbol ordering
Absolute symbols

GPIO_LOCK_KEY 4C4F434B

Symbol: GPIO_LOCK_KEY
   Definitions
      At line 9 in file portFConfiguration.s
   Uses
      At line 41 in file portFConfiguration.s
Comment: GPIO_LOCK_KEY used once
GPIO_LOCK_R 40025520

Symbol: GPIO_LOCK_R
   Definitions
      At line 8 in file portFConfiguration.s
   Uses
      At line 40 in file portFConfiguration.s
Comment: GPIO_LOCK_R used once
GPIO_OCR_R 40025524

Symbol: GPIO_OCR_R
   Definitions
      At line 10 in file portFConfiguration.s
   Uses
      At line 45 in file portFConfiguration.s
Comment: GPIO_OCR_R used once
GPIO_PORTF_DATA_R 400253FC

Symbol: GPIO_PORTF_DATA_R
   Definitions
      At line 4 in file portFConfiguration.s
   Uses
      At line 71 in file portFConfiguration.s
      At line 80 in file portFConfiguration.s
      At line 89 in file portFConfiguration.s
      At line 98 in file portFConfiguration.s

GPIO_PORTF_DIR_R 40025400

Symbol: GPIO_PORTF_DIR_R
   Definitions
      At line 2 in file portFConfiguration.s
   Uses
      At line 52 in file portFConfiguration.s
Comment: GPIO_PORTF_DIR_R used once
GPIO_PORTF_PUR_R 40025510

Symbol: GPIO_PORTF_PUR_R
   Definitions
      At line 6 in file portFConfiguration.s
   Uses
      At line 62 in file portFConfiguration.s
Comment: GPIO_PORTF_PUR_R used once
GPIO_PORTF_SW1_DATA_R 40025040

Symbol: GPIO_PORTF_SW1_DATA_R
   Definitions
      At line 13 in file portFConfiguration.s
   Uses
      At line 112 in file portFConfiguration.s
Comment: GPIO_PORTF_SW1_DATA_R used once



ARM Macro Assembler    Page 2 Alphabetic symbol ordering
Absolute symbols

GPIO_PORTF_SW2_DATA_R 40025004

Symbol: GPIO_PORTF_SW2_DATA_R
   Definitions
      At line 12 in file portFConfiguration.s
   Uses
      At line 106 in file portFConfiguration.s
Comment: GPIO_PORTF_SW2_DATA_R used once
GPIO_PROTF_DEN_R 4002551C

Symbol: GPIO_PROTF_DEN_R
   Definitions
      At line 3 in file portFConfiguration.s
   Uses
      At line 57 in file portFConfiguration.s
Comment: GPIO_PROTF_DEN_R used once
SYSCRTL_RCGCGPIO_R 400FE608

Symbol: SYSCRTL_RCGCGPIO_R
   Definitions
      At line 1 in file portFConfiguration.s
   Uses
      At line 32 in file portFConfiguration.s
Comment: SYSCRTL_RCGCGPIO_R used once
10 symbols
354 symbols in table
